2024-06-26 20:07:36,938 - DEBUG - Starting new HTTP connection (1): easyoa.fun:8081
2024-06-26 20:07:36,946 - DEBUG - http://easyoa.fun:8081 "GET /api/printer/print_device%20polling HTTP/11" 200 None
2024-06-26 20:07:36,946 - INFO - {"code":900,"msg":"认证失败[来自Printers服务器]","data":null,"map":{}}
2024-06-26 20:07:41,949 - DEBUG - Starting new HTTP connection (1): easyoa.fun:8081
2024-06-26 20:07:41,954 - DEBUG - http://easyoa.fun:8081 "GET /api/printer/print_device%20polling HTTP/11" 200 None
2024-06-26 20:07:41,954 - INFO - {"code":900,"msg":"认证失败[来自Printers服务器]","data":null,"map":{}}
2024-06-26 20:07:46,955 - DEBUG - Starting new HTTP connection (1): easyoa.fun:8081
2024-06-26 20:07:46,960 - DEBUG - http://easyoa.fun:8081 "GET /api/printer/print_device%20polling HTTP/11" 200 None
2024-06-26 20:07:46,960 - INFO - {"code":900,"msg":"认证失败[来自Printers服务器]","data":null,"map":{}}
2024-06-26 20:07:51,962 - DEBUG - Starting new HTTP connection (1): easyoa.fun:8081
2024-06-26 20:07:51,966 - DEBUG - http://easyoa.fun:8081 "GET /api/printer/print_device%20polling HTTP/11" 200 None
2024-06-26 20:07:51,967 - INFO - {"code":900,"msg":"认证失败[来自Printers服务器]","data":null,"map":{}}
2024-06-26 20:07:56,968 - DEBUG - Starting new HTTP connection (1): easyoa.fun:8081
2024-06-26 20:07:56,972 - DEBUG - http://easyoa.fun:8081 "GET /api/printer/print_device%20polling HTTP/11" 200 None
2024-06-26 20:07:56,973 - INFO - {"code":900,"msg":"认证失败[来自Printers服务器]","data":null,"map":{}}
2024-06-26 20:08:01,975 - DEBUG - Starting new HTTP connection (1): easyoa.fun:8081
2024-06-26 20:08:01,979 - DEBUG - http://easyoa.fun:8081 "GET /api/printer/print_device%20polling HTTP/11" 200 None
2024-06-26 20:08:01,980 - INFO - {"code":900,"msg":"认证失败[来自Printers服务器]","data":null,"map":{}}
2024-06-26 20:08:06,981 - DEBUG - Starting new HTTP connection (1): easyoa.fun:8081
2024-06-26 20:08:06,986 - DEBUG - http://easyoa.fun:8081 "GET /api/printer/print_device%20polling HTTP/11" 200 None
2024-06-26 20:08:06,986 - INFO - {"code":900,"msg":"认证失败[来自Printers服务器]","data":null,"map":{}}
2024-06-26 20:08:11,988 - DEBUG - Starting new HTTP connection (1): easyoa.fun:8081
2024-06-26 20:08:11,994 - DEBUG - http://easyoa.fun:8081 "GET /api/printer/print_device%20polling HTTP/11" 200 None
2024-06-26 20:08:11,994 - INFO - {"code":900,"msg":"认证失败[来自Printers服务器]","data":null,"map":{}}
2024-06-26 20:08:16,996 - DEBUG - Starting new HTTP connection (1): easyoa.fun:8081
2024-06-26 20:08:17,000 - DEBUG - http://easyoa.fun:8081 "GET /api/printer/print_device%20polling HTTP/11" 200 None
2024-06-26 20:08:17,001 - INFO - {"code":900,"msg":"认证失败[来自Printers服务器]","data":null,"map":{}}
2024-06-26 20:08:22,003 - DEBUG - Starting new HTTP connection (1): easyoa.fun:8081
2024-06-26 20:08:22,008 - DEBUG - http://easyoa.fun:8081 "GET /api/printer/print_device%20polling HTTP/11" 200 None
2024-06-26 20:08:22,008 - INFO - {"code":900,"msg":"认证失败[来自Printers服务器]","data":null,"map":{}}
2024-06-26 20:08:23,127 - INFO - 启动
2024-06-26 20:08:25,462 - INFO - token:eyJ0eXAiOiJKV1QiLCJhbGciOiJIUzI1NiJ9.eyJpc3MiOiJhdXRoMCIsImlkIjoiMTY1OTk0MTg1MjIyMTYyNDMyMSJ9.kKLJQWf-hpYMhQIt7XzRBNQfQkaDsvRJDQnQ9WfUjNA
2024-06-26 20:08:25,464 - DEBUG - Starting new HTTP connection (1): easyoa.fun:8081
2024-06-26 20:08:25,493 - DEBUG - http://easyoa.fun:8081 "POST /api/user/info HTTP/11" 200 None
2024-06-26 20:08:25,495 - INFO - 用户信息：
2024-06-26 20:08:25,496 - INFO - 登录成功
2024-06-26 20:08:25,497 - DEBUG - Starting new HTTP connection (1): easyoa.fun:9090
2024-06-26 20:08:25,503 - DEBUG - http://easyoa.fun:9090 "GET /aistudio/QQ%E5%9B%BE%E7%89%8720231221133341703136831169.jpg HTTP/11" 200 39627
2024-06-26 20:08:25,946 - INFO - token:eyJ0eXAiOiJKV1QiLCJhbGciOiJIUzI1NiJ9.eyJpc3MiOiJhdXRoMCIsImlkIjoiMTY1OTk0MTg1MjIyMTYyNDMyMSJ9.kKLJQWf-hpYMhQIt7XzRBNQfQkaDsvRJDQnQ9WfUjNA
2024-06-26 20:08:25,947 - DEBUG - Starting new HTTP connection (1): easyoa.fun:8081
2024-06-26 20:08:25,976 - DEBUG - http://easyoa.fun:8081 "POST /api/user/info HTTP/11" 200 None
2024-06-26 20:08:25,978 - INFO - 用户信息：
2024-06-26 20:08:25,978 - INFO - 登录成功
2024-06-26 20:08:25,979 - DEBUG - Starting new HTTP connection (1): easyoa.fun:9090
2024-06-26 20:08:25,984 - DEBUG - http://easyoa.fun:9090 "GET /aistudio/QQ%E5%9B%BE%E7%89%8720231221133341703136831169.jpg HTTP/11" 200 39627
2024-06-26 20:08:27,009 - DEBUG - Starting new HTTP connection (1): easyoa.fun:8081
2024-06-26 20:08:27,043 - DEBUG - http://easyoa.fun:8081 "GET /api/printer/print_device%20polling HTTP/11" 200 None
2024-06-26 20:08:27,044 - INFO - {"code":1,"msg":null,"data":[{"id":"ai_fuwuqi_1","name":"AI服务器里的","description":"AI服务器里的","status":1}],"map":{}}
2024-06-26 20:08:31,950 - DEBUG - Starting new HTTP connection (1): easyoa.fun:8081
2024-06-26 20:08:31,979 - DEBUG - http://easyoa.fun:8081 "GET /api/printer/print_device_info%20polling/ai_fuwuqi_1 HTTP/11" 200 None
2024-06-26 20:08:31,979 - INFO - {"code":1,"msg":null,"data":{"id":"ai_fuwuqi_1","printName":"ai_fuwuqi_1","printDescription":"AI服务器里的","statusTypeMessage":"空闲","listNums":0,"statusType":1,"printJobs":[]},"map":{}}
2024-06-26 20:08:31,979 - INFO - 更新111
2024-06-26 20:08:31,979 - INFO - []
2024-06-26 20:08:32,044 - DEBUG - Starting new HTTP connection (1): easyoa.fun:8081
2024-06-26 20:08:32,071 - DEBUG - http://easyoa.fun:8081 "GET /api/printer/print_device%20polling HTTP/11" 200 None
2024-06-26 20:08:32,071 - INFO - {"code":1,"msg":null,"data":[{"id":"ai_fuwuqi_1","name":"AI服务器里的","description":"AI服务器里的","status":1}],"map":{}}
2024-06-26 20:08:33,980 - DEBUG - Starting new HTTP connection (1): easyoa.fun:8081
2024-06-26 20:08:34,010 - DEBUG - http://easyoa.fun:8081 "GET /api/printer/print_device_info%20polling/ai_fuwuqi_1 HTTP/11" 200 None
2024-06-26 20:08:34,010 - INFO - {"code":1,"msg":null,"data":{"id":"ai_fuwuqi_1","printName":"ai_fuwuqi_1","printDescription":"AI服务器里的","statusTypeMessage":"空闲","listNums":0,"statusType":1,"printJobs":[]},"map":{}}
2024-06-26 20:08:34,010 - INFO - 更新111
2024-06-26 20:08:34,011 - INFO - []
2024-06-26 20:08:36,013 - DEBUG - Starting new HTTP connection (1): easyoa.fun:8081
2024-06-26 20:08:36,053 - DEBUG - http://easyoa.fun:8081 "GET /api/printer/print_device_info%20polling/ai_fuwuqi_1 HTTP/11" 200 None
2024-06-26 20:08:36,054 - INFO - {"code":1,"msg":null,"data":{"id":"ai_fuwuqi_1","printName":"ai_fuwuqi_1","printDescription":"AI服务器里的","statusTypeMessage":"空闲","listNums":0,"statusType":1,"printJobs":[]},"map":{}}
2024-06-26 20:08:36,054 - INFO - 更新111
2024-06-26 20:08:36,054 - INFO - []
2024-06-26 20:08:37,073 - DEBUG - Starting new HTTP connection (1): easyoa.fun:8081
2024-06-26 20:08:37,103 - DEBUG - http://easyoa.fun:8081 "GET /api/printer/print_device%20polling HTTP/11" 200 None
2024-06-26 20:08:37,103 - INFO - {"code":1,"msg":null,"data":[{"id":"ai_fuwuqi_1","name":"AI服务器里的","description":"AI服务器里的","status":1}],"map":{}}
2024-06-26 20:08:38,055 - DEBUG - Starting new HTTP connection (1): easyoa.fun:8081
2024-06-26 20:08:38,085 - DEBUG - http://easyoa.fun:8081 "GET /api/printer/print_device_info%20polling/ai_fuwuqi_1 HTTP/11" 200 None
2024-06-26 20:08:38,086 - INFO - {"code":1,"msg":null,"data":{"id":"ai_fuwuqi_1","printName":"ai_fuwuqi_1","printDescription":"AI服务器里的","statusTypeMessage":"空闲","listNums":0,"statusType":1,"printJobs":[]},"map":{}}
2024-06-26 20:08:38,086 - INFO - 更新111
2024-06-26 20:08:38,086 - INFO - []
2024-06-26 20:09:22,237 - DEBUG - Starting new HTTP connection (1): easyoa.fun:8081
2024-06-26 20:09:22,243 - DEBUG - http://easyoa.fun:8081 "GET /api/printer/print_device%20polling HTTP/11" 200 None
2024-06-26 20:09:22,243 - INFO - {"code":900,"msg":"认证失败[来自Printers服务器]","data":null,"map":{}}
2024-06-26 20:09:27,244 - DEBUG - Starting new HTTP connection (1): easyoa.fun:8081
2024-06-26 20:09:27,250 - DEBUG - http://easyoa.fun:8081 "GET /api/printer/print_device%20polling HTTP/11" 200 None
2024-06-26 20:09:27,250 - INFO - {"code":900,"msg":"认证失败[来自Printers服务器]","data":null,"map":{}}
2024-06-26 20:09:32,252 - DEBUG - Starting new HTTP connection (1): easyoa.fun:8081
2024-06-26 20:09:32,575 - DEBUG - http://easyoa.fun:8081 "GET /api/printer/print_device%20polling HTTP/11" 200 None
2024-06-26 20:09:32,576 - INFO - {"code":900,"msg":"认证失败[来自Printers服务器]","data":null,"map":{}}
2024-06-26 20:09:37,578 - DEBUG - Starting new HTTP connection (1): easyoa.fun:8081
2024-06-26 20:09:37,582 - DEBUG - http://easyoa.fun:8081 "GET /api/printer/print_device%20polling HTTP/11" 200 None
2024-06-26 20:09:37,583 - INFO - {"code":900,"msg":"认证失败[来自Printers服务器]","data":null,"map":{}}
2024-06-26 20:09:42,584 - DEBUG - Starting new HTTP connection (1): easyoa.fun:8081
2024-06-26 20:09:42,589 - DEBUG - http://easyoa.fun:8081 "GET /api/printer/print_device%20polling HTTP/11" 200 None
2024-06-26 20:09:42,590 - INFO - {"code":900,"msg":"认证失败[来自Printers服务器]","data":null,"map":{}}
2024-06-26 20:09:47,590 - DEBUG - Starting new HTTP connection (1): easyoa.fun:8081
2024-06-26 20:09:47,595 - DEBUG - http://easyoa.fun:8081 "GET /api/printer/print_device%20polling HTTP/11" 200 None
2024-06-26 20:09:47,595 - INFO - {"code":900,"msg":"认证失败[来自Printers服务器]","data":null,"map":{}}
2024-06-26 20:09:52,597 - DEBUG - Starting new HTTP connection (1): easyoa.fun:8081
2024-06-26 20:09:52,603 - DEBUG - http://easyoa.fun:8081 "GET /api/printer/print_device%20polling HTTP/11" 200 None
2024-06-26 20:09:52,604 - INFO - {"code":900,"msg":"认证失败[来自Printers服务器]","data":null,"map":{}}
2024-06-26 20:09:57,605 - DEBUG - Starting new HTTP connection (1): easyoa.fun:8081
2024-06-26 20:09:57,609 - DEBUG - http://easyoa.fun:8081 "GET /api/printer/print_device%20polling HTTP/11" 200 None
2024-06-26 20:09:57,609 - INFO - {"code":900,"msg":"认证失败[来自Printers服务器]","data":null,"map":{}}
2024-06-26 20:10:02,610 - DEBUG - Starting new HTTP connection (1): easyoa.fun:8081
2024-06-26 20:10:02,615 - DEBUG - http://easyoa.fun:8081 "GET /api/printer/print_device%20polling HTTP/11" 200 None
2024-06-26 20:10:02,616 - INFO - {"code":900,"msg":"认证失败[来自Printers服务器]","data":null,"map":{}}
2024-06-26 20:10:07,617 - DEBUG - Starting new HTTP connection (1): easyoa.fun:8081
2024-06-26 20:10:07,622 - DEBUG - http://easyoa.fun:8081 "GET /api/printer/print_device%20polling HTTP/11" 200 None
2024-06-26 20:10:07,623 - INFO - {"code":900,"msg":"认证失败[来自Printers服务器]","data":null,"map":{}}
2024-06-26 20:10:12,625 - DEBUG - Starting new HTTP connection (1): easyoa.fun:8081
2024-06-26 20:10:12,629 - DEBUG - http://easyoa.fun:8081 "GET /api/printer/print_device%20polling HTTP/11" 200 None
2024-06-26 20:10:12,629 - INFO - {"code":900,"msg":"认证失败[来自Printers服务器]","data":null,"map":{}}
2024-06-26 20:10:17,630 - DEBUG - Starting new HTTP connection (1): easyoa.fun:8081
2024-06-26 20:10:17,635 - DEBUG - http://easyoa.fun:8081 "GET /api/printer/print_device%20polling HTTP/11" 200 None
2024-06-26 20:10:17,636 - INFO - {"code":900,"msg":"认证失败[来自Printers服务器]","data":null,"map":{}}
2024-06-26 20:10:22,637 - DEBUG - Starting new HTTP connection (1): easyoa.fun:8081
2024-06-26 20:10:22,642 - DEBUG - http://easyoa.fun:8081 "GET /api/printer/print_device%20polling HTTP/11" 200 None
2024-06-26 20:10:22,643 - INFO - {"code":900,"msg":"认证失败[来自Printers服务器]","data":null,"map":{}}
2024-06-26 20:10:27,643 - DEBUG - Starting new HTTP connection (1): easyoa.fun:8081
2024-06-26 20:10:27,647 - DEBUG - http://easyoa.fun:8081 "GET /api/printer/print_device%20polling HTTP/11" 200 None
2024-06-26 20:10:27,648 - INFO - {"code":900,"msg":"认证失败[来自Printers服务器]","data":null,"map":{}}
2024-06-26 20:10:32,650 - DEBUG - Starting new HTTP connection (1): easyoa.fun:8081
2024-06-26 20:10:32,654 - DEBUG - http://easyoa.fun:8081 "GET /api/printer/print_device%20polling HTTP/11" 200 None
2024-06-26 20:10:32,654 - INFO - {"code":900,"msg":"认证失败[来自Printers服务器]","data":null,"map":{}}
2024-06-26 20:10:37,656 - DEBUG - Starting new HTTP connection (1): easyoa.fun:8081
2024-06-26 20:10:37,660 - DEBUG - http://easyoa.fun:8081 "GET /api/printer/print_device%20polling HTTP/11" 200 None
2024-06-26 20:10:37,660 - INFO - {"code":900,"msg":"认证失败[来自Printers服务器]","data":null,"map":{}}
2024-06-26 20:10:42,662 - DEBUG - Starting new HTTP connection (1): easyoa.fun:8081
2024-06-26 20:10:42,668 - DEBUG - http://easyoa.fun:8081 "GET /api/printer/print_device%20polling HTTP/11" 200 None
2024-06-26 20:10:42,668 - INFO - {"code":900,"msg":"认证失败[来自Printers服务器]","data":null,"map":{}}
2024-06-26 20:10:47,670 - DEBUG - Starting new HTTP connection (1): easyoa.fun:8081
2024-06-26 20:10:47,674 - DEBUG - http://easyoa.fun:8081 "GET /api/printer/print_device%20polling HTTP/11" 200 None
2024-06-26 20:10:47,675 - INFO - {"code":900,"msg":"认证失败[来自Printers服务器]","data":null,"map":{}}
2024-06-26 20:10:52,677 - DEBUG - Starting new HTTP connection (1): easyoa.fun:8081
2024-06-26 20:10:52,682 - DEBUG - http://easyoa.fun:8081 "GET /api/printer/print_device%20polling HTTP/11" 200 None
2024-06-26 20:10:52,682 - INFO - {"code":900,"msg":"认证失败[来自Printers服务器]","data":null,"map":{}}
2024-06-26 20:10:57,683 - DEBUG - Starting new HTTP connection (1): easyoa.fun:8081
2024-06-26 20:10:57,687 - DEBUG - http://easyoa.fun:8081 "GET /api/printer/print_device%20polling HTTP/11" 200 None
2024-06-26 20:10:57,688 - INFO - {"code":900,"msg":"认证失败[来自Printers服务器]","data":null,"map":{}}
2024-06-26 20:11:02,689 - DEBUG - Starting new HTTP connection (1): easyoa.fun:8081
2024-06-26 20:11:02,694 - DEBUG - http://easyoa.fun:8081 "GET /api/printer/print_device%20polling HTTP/11" 200 None
2024-06-26 20:11:02,694 - INFO - {"code":900,"msg":"认证失败[来自Printers服务器]","data":null,"map":{}}
2024-06-26 20:11:07,695 - DEBUG - Starting new HTTP connection (1): easyoa.fun:8081
2024-06-26 20:11:07,700 - DEBUG - http://easyoa.fun:8081 "GET /api/printer/print_device%20polling HTTP/11" 200 None
2024-06-26 20:11:07,700 - INFO - {"code":900,"msg":"认证失败[来自Printers服务器]","data":null,"map":{}}
2024-06-26 20:11:12,702 - DEBUG - Starting new HTTP connection (1): easyoa.fun:8081
2024-06-26 20:11:12,707 - DEBUG - http://easyoa.fun:8081 "GET /api/printer/print_device%20polling HTTP/11" 200 None
2024-06-26 20:11:12,707 - INFO - {"code":900,"msg":"认证失败[来自Printers服务器]","data":null,"map":{}}
2024-06-26 20:11:17,709 - DEBUG - Starting new HTTP connection (1): easyoa.fun:8081
2024-06-26 20:11:17,713 - DEBUG - http://easyoa.fun:8081 "GET /api/printer/print_device%20polling HTTP/11" 200 None
2024-06-26 20:11:17,713 - INFO - {"code":900,"msg":"认证失败[来自Printers服务器]","data":null,"map":{}}
2024-06-26 20:11:22,714 - DEBUG - Starting new HTTP connection (1): easyoa.fun:8081
2024-06-26 20:11:22,719 - DEBUG - http://easyoa.fun:8081 "GET /api/printer/print_device%20polling HTTP/11" 200 None
2024-06-26 20:11:22,719 - INFO - {"code":900,"msg":"认证失败[来自Printers服务器]","data":null,"map":{}}
2024-06-26 20:11:27,720 - DEBUG - Starting new HTTP connection (1): easyoa.fun:8081
2024-06-26 20:11:27,725 - DEBUG - http://easyoa.fun:8081 "GET /api/printer/print_device%20polling HTTP/11" 200 None
2024-06-26 20:11:27,725 - INFO - {"code":900,"msg":"认证失败[来自Printers服务器]","data":null,"map":{}}
2024-06-26 20:11:32,726 - DEBUG - Starting new HTTP connection (1): easyoa.fun:8081
2024-06-26 20:11:33,731 - DEBUG - http://easyoa.fun:8081 "GET /api/printer/print_device%20polling HTTP/11" 200 None
2024-06-26 20:11:33,731 - INFO - {"code":900,"msg":"认证失败[来自Printers服务器]","data":null,"map":{}}
2024-06-26 20:11:38,733 - DEBUG - Starting new HTTP connection (1): easyoa.fun:8081
2024-06-26 20:11:38,738 - DEBUG - http://easyoa.fun:8081 "GET /api/printer/print_device%20polling HTTP/11" 200 None
2024-06-26 20:11:38,738 - INFO - {"code":900,"msg":"认证失败[来自Printers服务器]","data":null,"map":{}}
2024-06-26 20:11:43,739 - DEBUG - Starting new HTTP connection (1): easyoa.fun:8081
2024-06-26 20:11:43,745 - DEBUG - http://easyoa.fun:8081 "GET /api/printer/print_device%20polling HTTP/11" 200 None
2024-06-26 20:11:43,745 - INFO - {"code":900,"msg":"认证失败[来自Printers服务器]","data":null,"map":{}}
2024-06-26 20:11:48,747 - DEBUG - Starting new HTTP connection (1): easyoa.fun:8081
2024-06-26 20:11:48,751 - DEBUG - http://easyoa.fun:8081 "GET /api/printer/print_device%20polling HTTP/11" 200 None
2024-06-26 20:11:48,752 - INFO - {"code":900,"msg":"认证失败[来自Printers服务器]","data":null,"map":{}}
2024-06-26 20:11:53,753 - DEBUG - Starting new HTTP connection (1): easyoa.fun:8081
2024-06-26 20:11:53,757 - DEBUG - http://easyoa.fun:8081 "GET /api/printer/print_device%20polling HTTP/11" 200 None
2024-06-26 20:11:53,758 - INFO - {"code":900,"msg":"认证失败[来自Printers服务器]","data":null,"map":{}}
2024-06-26 20:11:58,760 - DEBUG - Starting new HTTP connection (1): easyoa.fun:8081
2024-06-26 20:11:58,765 - DEBUG - http://easyoa.fun:8081 "GET /api/printer/print_device%20polling HTTP/11" 200 None
2024-06-26 20:11:58,765 - INFO - {"code":900,"msg":"认证失败[来自Printers服务器]","data":null,"map":{}}
2024-06-26 20:12:03,766 - DEBUG - Starting new HTTP connection (1): easyoa.fun:8081
2024-06-26 20:12:03,772 - DEBUG - http://easyoa.fun:8081 "GET /api/printer/print_device%20polling HTTP/11" 200 None
2024-06-26 20:12:03,772 - INFO - {"code":900,"msg":"认证失败[来自Printers服务器]","data":null,"map":{}}
2024-06-26 20:12:08,773 - DEBUG - Starting new HTTP connection (1): easyoa.fun:8081
2024-06-26 20:12:08,778 - DEBUG - http://easyoa.fun:8081 "GET /api/printer/print_device%20polling HTTP/11" 200 None
2024-06-26 20:12:08,778 - INFO - {"code":900,"msg":"认证失败[来自Printers服务器]","data":null,"map":{}}
2024-06-26 20:12:13,780 - DEBUG - Starting new HTTP connection (1): easyoa.fun:8081
2024-06-26 20:12:13,786 - DEBUG - http://easyoa.fun:8081 "GET /api/printer/print_device%20polling HTTP/11" 200 None
2024-06-26 20:12:13,786 - INFO - {"code":900,"msg":"认证失败[来自Printers服务器]","data":null,"map":{}}
2024-06-26 20:12:18,788 - DEBUG - Starting new HTTP connection (1): easyoa.fun:8081
2024-06-26 20:12:18,792 - DEBUG - http://easyoa.fun:8081 "GET /api/printer/print_device%20polling HTTP/11" 200 None
2024-06-26 20:12:18,792 - INFO - {"code":900,"msg":"认证失败[来自Printers服务器]","data":null,"map":{}}
2024-06-26 20:12:23,794 - DEBUG - Starting new HTTP connection (1): easyoa.fun:8081
2024-06-26 20:12:23,798 - DEBUG - http://easyoa.fun:8081 "GET /api/printer/print_device%20polling HTTP/11" 200 None
2024-06-26 20:12:23,799 - INFO - {"code":900,"msg":"认证失败[来自Printers服务器]","data":null,"map":{}}
2024-06-26 20:12:28,800 - DEBUG - Starting new HTTP connection (1): easyoa.fun:8081
2024-06-26 20:12:28,805 - DEBUG - http://easyoa.fun:8081 "GET /api/printer/print_device%20polling HTTP/11" 200 None
2024-06-26 20:12:28,805 - INFO - {"code":900,"msg":"认证失败[来自Printers服务器]","data":null,"map":{}}
2024-06-26 20:12:33,806 - DEBUG - Starting new HTTP connection (1): easyoa.fun:8081
2024-06-26 20:12:33,811 - DEBUG - http://easyoa.fun:8081 "GET /api/printer/print_device%20polling HTTP/11" 200 None
2024-06-26 20:12:33,812 - INFO - {"code":900,"msg":"认证失败[来自Printers服务器]","data":null,"map":{}}
2024-06-26 20:12:38,814 - DEBUG - Starting new HTTP connection (1): easyoa.fun:8081
2024-06-26 20:12:38,819 - DEBUG - http://easyoa.fun:8081 "GET /api/printer/print_device%20polling HTTP/11" 200 None
2024-06-26 20:12:38,819 - INFO - {"code":900,"msg":"认证失败[来自Printers服务器]","data":null,"map":{}}
2024-06-26 20:12:43,821 - DEBUG - Starting new HTTP connection (1): easyoa.fun:8081
2024-06-26 20:12:43,825 - DEBUG - http://easyoa.fun:8081 "GET /api/printer/print_device%20polling HTTP/11" 200 None
2024-06-26 20:12:43,825 - INFO - {"code":900,"msg":"认证失败[来自Printers服务器]","data":null,"map":{}}
2024-06-26 20:12:48,828 - DEBUG - Starting new HTTP connection (1): easyoa.fun:8081
2024-06-26 20:12:51,833 - DEBUG - http://easyoa.fun:8081 "GET /api/printer/print_device%20polling HTTP/11" 200 None
2024-06-26 20:12:51,833 - INFO - {"code":900,"msg":"认证失败[来自Printers服务器]","data":null,"map":{}}
2024-06-26 20:12:56,835 - DEBUG - Starting new HTTP connection (1): easyoa.fun:8081
2024-06-26 20:12:56,838 - DEBUG - http://easyoa.fun:8081 "GET /api/printer/print_device%20polling HTTP/11" 200 None
2024-06-26 20:12:56,839 - INFO - {"code":900,"msg":"认证失败[来自Printers服务器]","data":null,"map":{}}
2024-06-26 20:13:01,840 - DEBUG - Starting new HTTP connection (1): easyoa.fun:8081
2024-06-26 20:13:01,844 - DEBUG - http://easyoa.fun:8081 "GET /api/printer/print_device%20polling HTTP/11" 200 None
2024-06-26 20:13:01,844 - INFO - {"code":900,"msg":"认证失败[来自Printers服务器]","data":null,"map":{}}
2024-06-26 20:13:06,845 - DEBUG - Starting new HTTP connection (1): easyoa.fun:8081
2024-06-26 20:13:06,849 - DEBUG - http://easyoa.fun:8081 "GET /api/printer/print_device%20polling HTTP/11" 200 None
2024-06-26 20:13:06,849 - INFO - {"code":900,"msg":"认证失败[来自Printers服务器]","data":null,"map":{}}
2024-06-26 20:13:11,850 - DEBUG - Starting new HTTP connection (1): easyoa.fun:8081
2024-06-26 20:13:11,855 - DEBUG - http://easyoa.fun:8081 "GET /api/printer/print_device%20polling HTTP/11" 200 None
2024-06-26 20:13:11,855 - INFO - {"code":900,"msg":"认证失败[来自Printers服务器]","data":null,"map":{}}
2024-06-26 20:13:16,856 - DEBUG - Starting new HTTP connection (1): easyoa.fun:8081
2024-06-26 20:13:16,860 - DEBUG - http://easyoa.fun:8081 "GET /api/printer/print_device%20polling HTTP/11" 200 None
2024-06-26 20:13:16,861 - INFO - {"code":900,"msg":"认证失败[来自Printers服务器]","data":null,"map":{}}
2024-06-26 20:13:21,863 - DEBUG - Starting new HTTP connection (1): easyoa.fun:8081
2024-06-26 20:13:21,868 - DEBUG - http://easyoa.fun:8081 "GET /api/printer/print_device%20polling HTTP/11" 200 None
2024-06-26 20:13:21,869 - INFO - {"code":900,"msg":"认证失败[来自Printers服务器]","data":null,"map":{}}
2024-06-26 20:13:26,871 - DEBUG - Starting new HTTP connection (1): easyoa.fun:8081
2024-06-26 20:13:26,875 - DEBUG - http://easyoa.fun:8081 "GET /api/printer/print_device%20polling HTTP/11" 200 None
2024-06-26 20:13:26,875 - INFO - {"code":900,"msg":"认证失败[来自Printers服务器]","data":null,"map":{}}
2024-06-26 20:13:31,876 - DEBUG - Starting new HTTP connection (1): easyoa.fun:8081
2024-06-26 20:13:31,881 - DEBUG - http://easyoa.fun:8081 "GET /api/printer/print_device%20polling HTTP/11" 200 None
2024-06-26 20:13:31,881 - INFO - {"code":900,"msg":"认证失败[来自Printers服务器]","data":null,"map":{}}
2024-06-26 20:13:36,883 - DEBUG - Starting new HTTP connection (1): easyoa.fun:8081
2024-06-26 20:13:36,887 - DEBUG - http://easyoa.fun:8081 "GET /api/printer/print_device%20polling HTTP/11" 200 None
2024-06-26 20:13:36,887 - INFO - {"code":900,"msg":"认证失败[来自Printers服务器]","data":null,"map":{}}
2024-06-26 20:13:41,889 - DEBUG - Starting new HTTP connection (1): easyoa.fun:8081
2024-06-26 20:13:41,893 - DEBUG - http://easyoa.fun:8081 "GET /api/printer/print_device%20polling HTTP/11" 200 None
2024-06-26 20:13:41,893 - INFO - {"code":900,"msg":"认证失败[来自Printers服务器]","data":null,"map":{}}
2024-06-26 20:13:46,895 - DEBUG - Starting new HTTP connection (1): easyoa.fun:8081
2024-06-26 20:13:46,900 - DEBUG - http://easyoa.fun:8081 "GET /api/printer/print_device%20polling HTTP/11" 200 None
2024-06-26 20:13:46,900 - INFO - {"code":900,"msg":"认证失败[来自Printers服务器]","data":null,"map":{}}
2024-06-26 20:13:51,902 - DEBUG - Starting new HTTP connection (1): easyoa.fun:8081
2024-06-26 20:13:51,905 - DEBUG - http://easyoa.fun:8081 "GET /api/printer/print_device%20polling HTTP/11" 200 None
2024-06-26 20:13:51,905 - INFO - {"code":900,"msg":"认证失败[来自Printers服务器]","data":null,"map":{}}
2024-06-26 20:13:56,907 - DEBUG - Starting new HTTP connection (1): easyoa.fun:8081
2024-06-26 20:13:56,912 - DEBUG - http://easyoa.fun:8081 "GET /api/printer/print_device%20polling HTTP/11" 200 None
2024-06-26 20:13:56,912 - INFO - {"code":900,"msg":"认证失败[来自Printers服务器]","data":null,"map":{}}
